This is e-pTeX, Version 3.141592653-p3.9.0-210218-2.6 (utf8.sjis) (TeX Live 2021/W32TeX) (preloaded format=platex 2021.4.5)  5 APR 2021 17:23
entering extended mode
 restricted \write18 enabled.
 %&-line parsing enabled.
**c:/Users/takam/OneDrive/ドキュメント/B4配布資料ver2021/B4配布資料ver2021/教科書輪講資料/sample
(c:/Users/takam/OneDrive/ドキュメント/B4配布資料ver2021/B4配布資料ver2021/教科書輪講資料/sample.tex
pLaTeX2e <2020-10-01>+2 (based on LaTeX2e <2020-10-01> patch level 4)
L3 programming layer <2021-02-18> (c:/texlive/2021/texmf-dist/tex/platex/base/jarticle.cls
Document Class: jarticle 2020/09/30 v1.8f Standard pLaTeX class
\c@@paper=\count178
(c:/texlive/2021/texmf-dist/tex/platex/base/jsize10.clo
File: jsize10.clo 2020/09/30 v1.8f Standard pLaTeX file (size option)
)
\c@part=\count179
\c@section=\count180
\c@subsection=\count181
\c@subsubsection=\count182
\c@paragraph=\count183
\c@subparagraph=\count184
\c@figure=\count185
\c@table=\count186
\abovecaptionskip=\skip47
\belowcaptionskip=\skip48
\symmincho=\mathgroup4
LaTeX Font Info:    Overwriting symbol font `mincho' in version `bold'
(Font)                  JY1/mc/m/n --> JY1/gt/m/n on input line 615.
\toclineskip=\dimen154
\@lnumwidth=\dimen155
\bibindent=\dimen156
\heisei=\count187
) (./aktsbase.sty (c:/texlive/2021/texmf-dist/tex/latex/tools/multicol.sty
Package: multicol 2019/12/09 v1.8y multicolumn formatting (FMi)
\c@tracingmulticols=\count188


Package multicol Warning: May not work with the twocolumn option on input line 141.

\mult@box=\box64
\multicol@leftmargin=\dimen157
\c@unbalance=\count189
\c@collectmore=\count190
\doublecol@number=\count191
\multicoltolerance=\count192
\multicolpretolerance=\count193
\full@width=\dimen158
\page@free=\dimen159
\premulticols=\dimen160
\postmulticols=\dimen161
\multicolsep=\skip49
\multicolbaselineskip=\skip50
\partial@page=\box65
\last@line=\box66
\maxbalancingoverflow=\dimen162
\mult@rightbox=\box67
\mult@grightbox=\box68
\mult@gfirstbox=\box69
\mult@firstbox=\box70
\@tempa=\box71
\@tempa=\box72
\@tempa=\box73
\@tempa=\box74
\@tempa=\box75
\@tempa=\box76
\@tempa=\box77
\@tempa=\box78
\@tempa=\box79
\@tempa=\box80
\@tempa=\box81
\@tempa=\box82
\@tempa=\box83
\@tempa=\box84
\@tempa=\box85
\@tempa=\box86
\@tempa=\box87
\@tempa=\box88
\@tempa=\box89
\@tempa=\box90
\@tempa=\box91
\@tempa=\box92
\@tempa=\box93
\@tempa=\box94
\@tempa=\box95
\@tempa=\box96
\@tempa=\box97
\@tempa=\box98
\@tempa=\box99
\@tempa=\box100
\@tempa=\box101
\@tempa=\box102
\@tempa=\box103
\@tempa=\box104
\@tempa=\box105
\@tempa=\box106
\@tempa=\box107
\c@minrows=\count194
\c@columnbadness=\count195
\c@finalcolumnbadness=\count196
\last@try=\dimen163
\multicolovershoot=\dimen164
\multicolundershoot=\dimen165
\mult@nat@firstbox=\box108
\colbreak@box=\box109
\mc@col@check@num=\count197
) (c:/texlive/2021/texmf-dist/tex/generic/epsf/epsf.sty
This is `epsf.tex' v2.7.4 <14 February 2011>
\epsffilein=\read2
\epsfframemargin=\dimen166
\epsfframethickness=\dimen167
\epsfrsize=\dimen168
\epsftmp=\dimen169
\epsftsize=\dimen170
\epsfxsize=\dimen171
\epsfysize=\dimen172
\pspoints=\dimen173
) (c:/texlive/2021/texmf-dist/tex/latex/graphics/graphicx.sty
Package: graphicx 2020/09/09 v1.2b Enhanced LaTeX Graphics (DPC,SPQR)
 (c:/texlive/2021/texmf-dist/tex/latex/graphics/keyval.sty
Package: keyval 2014/10/28 v1.15 key=value parser (DPC)
\KV@toks@=\toks16
) (c:/texlive/2021/texmf-dist/tex/latex/graphics/graphics.sty
Package: graphics 2020/08/30 v1.4c Standard LaTeX Graphics (DPC,SPQR)
 (c:/texlive/2021/texmf-dist/tex/latex/graphics/trig.sty
Package: trig 2016/01/03 v1.10 sin cos tan (DPC)
) (c:/texlive/2021/texmf-dist/tex/latex/graphics-cfg/graphics.cfg
File: graphics.cfg 2016/06/04 v1.11 sample graphics configuration
)
Package graphics Info: Driver file: dvipdfmx.def on input line 105.
 (c:/texlive/2021/texmf-dist/tex/latex/graphics-def/dvipdfmx.def
File: dvipdfmx.def 2021/03/18 v5.0j Graphics/color driver for dvipdfmx
))
\Gin@req@height=\dimen174
\Gin@req@width=\dimen175
) (c:/texlive/2021/texmf-dist/tex/latex/boxedminipage/boxedminipage.sty
Package: boxedminipage 2020/04/19 v1.1 Boxed LaTeX2e minipages
\bmp@box=\box110
\bmp@width=\skip51
\bmp@height=\skip52
) (c:/texlive/2021/texmf-dist/tex/latex/graphics/epsfig.sty
Package: epsfig 2017/06/25 v1.7b (e)psfig emulation (SPQR)
\epsfxsize=\dimen176
\epsfysize=\dimen177
) (c:/texlive/2021/texmf-dist/tex/latex/amsmath/amsmath.sty
Package: amsmath 2020/09/23 v2.17i AMS math features
\@mathmargin=\skip53

For additional information on amsmath, use the `?' option.
(c:/texlive/2021/texmf-dist/tex/latex/amsmath/amstext.sty
Package: amstext 2000/06/29 v2.01 AMS text
 (c:/texlive/2021/texmf-dist/tex/latex/amsmath/amsgen.sty
File: amsgen.sty 1999/11/30 v2.0 generic functions
\@emptytoks=\toks17
\ex@=\dimen178
)) (c:/texlive/2021/texmf-dist/tex/latex/amsmath/amsbsy.sty
Package: amsbsy 1999/11/29 v1.2d Bold Symbols
\pmbraise@=\dimen179
) (c:/texlive/2021/texmf-dist/tex/latex/amsmath/amsopn.sty
Package: amsopn 2016/03/08 v2.02 operator names
)
\inf@bad=\count198
LaTeX Info: Redefining \frac on input line 234.
\uproot@=\count199
\leftroot@=\count266
LaTeX Info: Redefining \overline on input line 399.
\classnum@=\count267
\DOTSCASE@=\count268
LaTeX Info: Redefining \ldots on input line 496.
LaTeX Info: Redefining \dots on input line 499.
LaTeX Info: Redefining \cdots on input line 620.
\Mathstrutbox@=\box111
\strutbox@=\box112
\big@size=\dimen180
LaTeX Font Info:    Redeclaring font encoding OML on input line 743.
LaTeX Font Info:    Redeclaring font encoding OMS on input line 744.
\macc@depth=\count269
\c@MaxMatrixCols=\count270
\dotsspace@=\muskip16
\c@parentequation=\count271
\dspbrk@lvl=\count272
\tag@help=\toks18
\row@=\count273
\column@=\count274
\maxfields@=\count275
\andhelp@=\toks19
\eqnshift@=\dimen181
\alignsep@=\dimen182
\tagshift@=\dimen183
\tagwidth@=\dimen184
\totwidth@=\dimen185
\lineht@=\dimen186
\@envbody=\toks20
\multlinegap=\skip54
\multlinetaggap=\skip55
\mathdisplay@stack=\toks21
LaTeX Info: Redefining \[ on input line 2923.
LaTeX Info: Redefining \] on input line 2924.
) (c:/texlive/2021/texmf-dist/tex/latex/amsfonts/amssymb.sty
Package: amssymb 2013/01/14 v3.01 AMS font symbols
 (c:/texlive/2021/texmf-dist/tex/latex/amsfonts/amsfonts.sty
Package: amsfonts 2013/01/14 v3.01 Basic AMSFonts support
\symAMSa=\mathgroup5
\symAMSb=\mathgroup6
LaTeX Font Info:    Redeclaring math symbol \hbar on input line 98.
LaTeX Font Info:    Overwriting math alphabet `\mathfrak' in version `bold'
(Font)                  U/euf/m/n --> U/euf/b/n on input line 106.
)) (c:/texlive/2021/texmf-dist/tex/latex/ascmac/ascmac.sty
Package: ascmac 2020/01/15 v2.1 ascmac wrapper (community edition) 
 (c:/texlive/2021/texmf-dist/tex/latex/ascmac/tascmac.sty
Package: tascmac 2020/01/15 v2.1 ascmac package (community edition) 
\@savetbaselineshift=\dimen187
\@saveybaselineshift=\dimen188
\scb@x=\box113
\scscb@x=\box114
\@bw=\dimen189
\@nbox=\box115
\@nbody=\box116
\@scw=\dimen190
\ascmac@hoboxa=\box117
\ascmac@hoboxb=\box118
\@itemh=\dimen191
\@iboxpos=\toks22
\@iboxstr=\box119
\@bwsp=\box120
\@@bwsp=\box121
\@bcal=\count276
\shaderule=\dimen192
)) (c:/texlive/2021/texmf-dist/tex/latex/tools/enumerate.sty
Package: enumerate 2015/07/23 v3.00 enumerate extensions (DPC)
\@enLab=\toks23
) (./url.sty
\Urlmuskip=\muskip17
Package: url 1999/03/28  ver 1.5x  Verb mode for urls, etc.
)) (c:/texlive/2021/texmf-dist/tex/latex/l3backend/l3backend-dvips.def
File: l3backend-dvips.def 2021-03-18 L3 backend support: dvips
\l__pdf_internal_box=\box122
\g__pdf_backend_object_int=\count277
\l__pdf_backend_content_box=\box123
\l__pdf_backend_model_box=\box124
\g__pdf_backend_annotation_int=\count278
\g__pdf_backend_link_int=\count279
\g__pdf_backend_link_sf_int=\count280
)
No file sample.aux.
\openout1 = `sample.aux'.

LaTeX Font Info:    Checking defaults for OML/cmm/m/it on input line 5.
LaTeX Font Info:    ... okay on input line 5.
LaTeX Font Info:    Checking defaults for OMS/cmsy/m/n on input line 5.
LaTeX Font Info:    ... okay on input line 5.
LaTeX Font Info:    Checking defaults for OT1/cmr/m/n on input line 5.
LaTeX Font Info:    ... okay on input line 5.
LaTeX Font Info:    Checking defaults for T1/cmr/m/n on input line 5.
LaTeX Font Info:    ... okay on input line 5.
LaTeX Font Info:    Checking defaults for TS1/cmr/m/n on input line 5.
LaTeX Font Info:    ... okay on input line 5.
LaTeX Font Info:    Checking defaults for OMX/cmex/m/n on input line 5.
LaTeX Font Info:    ... okay on input line 5.
LaTeX Font Info:    Checking defaults for U/cmr/m/n on input line 5.
LaTeX Font Info:    ... okay on input line 5.
LaTeX Font Info:    Checking defaults for JY1/mc/m/n on input line 5.
LaTeX Font Info:    ... okay on input line 5.
LaTeX Font Info:    Checking defaults for JT1/mc/m/n on input line 5.
LaTeX Font Info:    ... okay on input line 5.
Runaway argument?
{???{?b?gdddd } 
! Paragraph ended before \beginheader was complete.
<to be read again> 
                   \par 
l.50 \begin{figure}[hb]
                       
I suspect you've forgotten a `}', causing me to apply this
control sequence to too much text. How can we recover?
My plan is to forget the whole thing and hope for the best.

! Misplaced alignment tab character &.
\name #1-> 発表者 &
                    ： & #1 \\ 
l.50 \begin{figure}[hb]
                       
I can't figure out why you would want to use a tab mark
here. If you just want an ampersand, the remedy is
simple: Just type `I\&' now. But if some right brace
up above has ended a previous alignment prematurely,
you're probably due for more error messages, and you
might try typing `S' now just to see what is salvageable.

! Misplaced alignment tab character &.
\name #1-> 発表者 & ： &
                         #1 \\ 
l.50 \begin{figure}[hb]
                       
I can't figure out why you would want to use a tab mark
here. If you just want an ampersand, the remedy is
simple: Just type `I\&' now. But if some right brace
up above has ended a previous alignment prematurely,
you're probably due for more error messages, and you
might try typing `S' now just to see what is salvageable.

! Misplaced alignment tab character &.
\date #1-> 開催日 &
                    ： & #1 \\ 
l.50 \begin{figure}[hb]
                       
I can't figure out why you would want to use a tab mark
here. If you just want an ampersand, the remedy is
simple: Just type `I\&' now. But if some right brace
up above has ended a previous alignment prematurely,
you're probably due for more error messages, and you
might try typing `S' now just to see what is salvageable.

! Misplaced alignment tab character &.
\date #1-> 開催日 & ： &
                         #1 \\ 
l.50 \begin{figure}[hb]
                       
I can't figure out why you would want to use a tab mark
here. If you just want an ampersand, the remedy is
simple: Just type `I\&' now. But if some right brace
up above has ended a previous alignment prematurely,
you're probably due for more error messages, and you
might try typing `S' now just to see what is salvageable.

! Misplaced \crcr.
\endtabular ->\crcr 
                    \egroup \egroup $\egroup \null 
l.50 \begin{figure}[hb]
                       
I can't figure out why you would want to use a tab mark
or \cr or \span just now. If something like a right brace
up above has ended a previous alignment prematurely,
you're probably due for more error messages, and you
might try typing `S' now just to see what is salvageable.

! Too many }'s.
\endtabular ->\crcr \egroup \egroup 
                                    $\egroup \null 
l.50 \begin{figure}[hb]
                       
You've closed more groups than you opened.
Such booboos are generally harmless, so keep going.

LaTeX Font Info:    Trying to load font information for U+msa on input line 50.
(c:/texlive/2021/texmf-dist/tex/latex/amsfonts/umsa.fd
File: umsa.fd 2013/01/14 v3.01 AMS symbols A
)
LaTeX Font Info:    Trying to load font information for U+msb on input line 50.
 (c:/texlive/2021/texmf-dist/tex/latex/amsfonts/umsb.fd
File: umsb.fd 2013/01/14 v3.01 AMS symbols B
)
! Extra }, or forgotten $.
<recently read> \egroup 
                        
l.50 \begin{figure}[hb]
                       
I've deleted a group-closing symbol because it seems to be
spurious, as in `$x}$'. But perhaps the } is legitimate and
you forgot something else, as in `\hbox{$x}'. In such cases
the way to recover is to insert both the forgotten and the
deleted material, e.g., by typing `I$}'.


! LaTeX Error: \begin{document} ended by \end{tabular}.

See the LaTeX manual or LaTeX Companion for explanation.
Type  H <return>  for immediate help.
 ...                                              
                                                  
l.50 \begin{figure}[hb]
                       
Your command was ignored.
Type  I <command> <return>  to replace it with another command,
or  <return>  to continue without it.

! Missing $ inserted.
<inserted text> 
                $
l.50 \begin{figure}[hb]
                       
I've inserted something that you may have forgotten.
(See the <inserted text> above.)
With luck, this will get me unwedged. But if you
really didn't forget anything, try typing `2' now; then
my insertion and my current dilemma will both disappear.

! Extra \endgroup.
<recently read> \endgroup 
                          
l.50 \begin{figure}[hb]
                       
Things are pretty mixed up, but I think the worst is over.


! LaTeX Error: \begin{document} ended by \end{center}.

See the LaTeX manual or LaTeX Companion for explanation.
Type  H <return>  for immediate help.
 ...                                              
                                                  
l.50 \begin{figure}[hb]
                       
Your command was ignored.
Type  I <command> <return>  to replace it with another command,
or  <return>  to continue without it.

! Extra \endgroup.
<recently read> \endgroup 
                          
l.50 \begin{figure}[hb]
                       
Things are pretty mixed up, but I think the worst is over.


Overfull \hbox (273.4642pt too wide) in paragraph at lines 50--50
[][]
 []

LaTeX Font Info:    Font shape `JT1/mc/bx/n' in size <12> not available
(Font)              Font shape `JT1/gt/m/n' tried instead on input line 50.
LaTeX Font Info:    Font shape `JY1/mc/bx/n' in size <12> not available
(Font)              Font shape `JY1/gt/m/n' tried instead on input line 50.
LaTeX Font Info:    Font shape `JT1/mc/bx/n' in size <10> not available
(Font)              Font shape `JT1/gt/m/n' tried instead on input line 50.
LaTeX Font Info:    Font shape `JY1/mc/bx/n' in size <10> not available
(Font)              Font shape `JY1/gt/m/n' tried instead on input line 50.
! Missing $ inserted.
<inserted text> 
                $
l.50 \begin{figure}[hb]
                       
I've inserted a begin-math/end-math symbol since I think
you left one out. Proceed, with fingers crossed.

! Missing { inserted.
<to be read again> 
                   \@@par 
l.50 \begin{figure}[hb]
                       
A left brace was mandatory here, so I've put one in.
You might want to delete and/or insert some corrections
so that I will find a matching right brace soon.
(If you're confused by all this, try typing `I}' now.)

! Missing $ inserted.
<inserted text> 
                $
l.50 \begin{figure}[hb]
                       
I've inserted a begin-math/end-math symbol since I think
you left one out. Proceed, with fingers crossed.

! Missing } inserted.
<inserted text> 
                }
l.50 \begin{figure}[hb]
                       
I've inserted something that you may have forgotten.
(See the <inserted text> above.)
With luck, this will get me unwedged. But if you
really didn't forget anything, try typing `2' now; then
my insertion and my current dilemma will both disappear.


LaTeX Warning: Reference `eq_force' on page 1 undefined on input line 50.


LaTeX Warning: Reference `eq_torque' on page 1 undefined on input line 50.

! Too many }'s.
<argument> ...ue} \end {eqnarray} \subsection {?}}
                                                   \begin {figure}[hb
l.50 \begin{figure}[hb]
                       
You've closed more groups than you opened.
Such booboos are generally harmless, so keep going.

! Argument of \@xfloat has an extra }.
<inserted text> 
                \par 
l.50 \begin{figure}[hb]
                       
I've run across a `}' that doesn't seem to match anything.
For example, `\def\a#1{...}' and `\a}' would produce
this error. If you simply proceed now, the `\par' that
I've just inserted will cause me to report a runaway
argument that might be the root of the problem. But if
your `}' was spurious, just type `2' and it will go away.

Runaway argument?
hb\vskip -\dbltextfloatsep 
! Paragraph ended before \@xfloat was complete.
<to be read again> 
                   \par 
l.50 \begin{figure}[hb]
                       
I suspect you've forgotten a `}', causing me to apply this
control sequence to too much text. How can we recover?
My plan is to forget the whole thing and hope for the best.

! Extra }, or forgotten \endgroup.
<recently read> }
                 
l.50 \begin{figure}[hb]
                       
I've deleted a group-closing symbol because it seems to be
spurious, as in `$x}$'. But perhaps the } is legitimate and
you forgot something else, as in `\hbox{$x}'. In such cases
the way to recover is to insert both the forgotten and the
deleted material, e.g., by typing `I$}'.

File: fig/clip000.eps Graphic file (type eps)
<fig/clip000.eps>

! LaTeX Error: \caption outside float.

See the LaTeX manual or LaTeX Companion for explanation.
Type  H <return>  for immediate help.
 ...                                              
                                                  
l.54   \caption
               {?}??T???v??}
You're in trouble here.  Try typing  <return>  to proceed.
If that doesn't work, type  X <return>  to quit.

! Extra }, or forgotten \endgroup.
l.54   \caption{?}??T???v??}
                            
I've deleted a group-closing symbol because it seems to be
spurious, as in `$x}$'. But perhaps the } is legitimate and
you forgot something else, as in `\hbox{$x}'. In such cases
the way to recover is to insert both the forgotten and the
deleted material, e.g., by typing `I$}'.

! Extra }, or forgotten \endgroup.
\@endfloatbox ...pagefalse \outer@nobreak \egroup 
                                                  \color@endbox 
l.55 \end{figure}
                 
I've deleted a group-closing symbol because it seems to be
spurious, as in `$x}$'. But perhaps the } is legitimate and
you forgot something else, as in `\hbox{$x}'. In such cases
the way to recover is to insert both the forgotten and the
deleted material, e.g., by typing `I$}'.

)
Runaway argument?
{?\} \par \begin {table}[hb] \centering \caption {?\??T???v??} \begin \ETC.
! File ended while scanning use of \@xdblarg.
<inserted text> 
                \par 
<*> ...021/B4配布資料ver2021/教科書輪講資料/sample
                                                  
I suspect you have forgotten a `}', causing me
to read past where you wanted me to stop.
I'll try to recover; but if the error is serious,
you'd better type `E' or `X' now and fix your file.

! Emergency stop.
<*> ...021/B4配布資料ver2021/教科書輪講資料/sample
                                                  
*** (job aborted, no legal \end found)

 
Here is how much of TeX's memory you used:
 2396 strings out of 479466
 31539 string characters out of 5873882
 331926 words of memory out of 5000000
 20085 multiletter control sequences out of 15000+600000
 410009 words of font info for 56 fonts, out of 8000000 for 9000
 929 hyphenation exceptions out of 8191
 83i,9n,88p,307b,187s stack positions out of 5000i,500n,10000p,200000b,80000s
No pages of output.
